<?xml version="1.0" encoding="UTF-8"?>
<!-- Generated by org.testng.reporters.JUnitReportReporter -->
<testsuite hostname="PUNITP337806L" failures="0" tests="2" name="LoanModule.Login" time="12.145" errors="0" timestamp="2024-01-10T11:52:40 IST" skipped="0">
  <testcase classname="LoanModule.Login" name="Login" time="11.674"/>
  <testcase classname="LoanModule.Login" name="logout" time="0.471"/>
</testsuite> <!-- LoanModule.Login -->
