<?xml version="1.0" encoding="UTF-8"?>
<!-- Generated by org.testng.reporters.JUnitReportReporter -->
<testsuite hostname="PUNITP337806L" failures="0" tests="3" name="LoanModule.EMICalculator" time="66.875" errors="0" timestamp="2024-01-10T11:52:40 IST" skipped="0">
  <testcase classname="LoanModule.EMICalculator" name="Login" time="7.850"/>
  <testcase classname="LoanModule.EMICalculator" name="EMICal" time="58.283"/>
  <testcase classname="LoanModule.EMICalculator" name="logout" time="0.742"/>
</testsuite> <!-- LoanModule.EMICalculator -->
