<?xml version="1.0" encoding="UTF-8"?>
<!-- Generated by org.testng.reporters.JUnitReportReporter -->
<testsuite hostname="PUNITP337806L" failures="0" tests="3" name="LoanModule.ChangeEMIRequest" time="83.205" errors="0" timestamp="2024-01-10T11:52:40 IST" skipped="0">
  <testcase classname="LoanModule.ChangeEMIRequest" name="Login" time="7.854"/>
  <testcase classname="LoanModule.ChangeEMIRequest" name="ChangeEmi" time="74.807"/>
  <testcase classname="LoanModule.ChangeEMIRequest" name="logout" time="0.544"/>
</testsuite> <!-- LoanModule.ChangeEMIRequest -->
