<?xml version="1.0" encoding="UTF-8"?>
<!-- Generated by org.testng.reporters.JUnitReportReporter -->
<testsuite hostname="PUNITP337806L" failures="0" tests="3" name="LoanModule.NewLoanRequest" time="57.906" errors="0" timestamp="2024-01-10T16:04:20 IST" skipped="0">
  <testcase classname="LoanModule.NewLoanRequest" name="Login" time="9.814"/>
  <testcase classname="LoanModule.NewLoanRequest" name="Newloanreq" time="47.482"/>
  <testcase classname="LoanModule.NewLoanRequest" name="logout" time="0.610"/>
</testsuite> <!-- LoanModule.NewLoanRequest -->
