<?xml version="1.0" encoding="UTF-8"?>
<!-- Generated by org.testng.reporters.JUnitReportReporter -->
<testsuite hostname="PUNITP337806L" failures="0" tests="3" name="LoanModule.ViewRepaymentSchedule" time="56.871" errors="0" timestamp="2024-01-10T11:52:40 IST" skipped="0">
  <testcase classname="LoanModule.ViewRepaymentSchedule" name="Login" time="7.795"/>
  <testcase classname="LoanModule.ViewRepaymentSchedule" name="ViewRepaySchedule" time="48.430"/>
  <testcase classname="LoanModule.ViewRepaymentSchedule" name="logout" time="0.646"/>
</testsuite> <!-- LoanModule.ViewRepaymentSchedule -->
