<?xml version="1.0" encoding="UTF-8"?>
<!-- Generated by org.testng.reporters.JUnitReportReporter -->
<testsuite hostname="DESKTOP-GFJULR8" failures="0" tests="2" name="testClassesPages.TC03_WatchDemoForm" time="51.289" errors="0" timestamp="2024-01-24T13:06:19 IST" skipped="0">
  <testcase classname="testClassesPages.TC03_WatchDemoForm" name="testWatchDemoLinkFunctionality" time="19.088"/>
  <system-out/>
  <testcase classname="testClassesPages.TC03_WatchDemoForm" name="TestwatchDemoForm" time="32.201"/>
  <system-out/>
</testsuite> <!-- testClassesPages.TC03_WatchDemoForm -->
