<?xml version="1.0" encoding="UTF-8"?>
<!-- Generated by org.testng.reporters.JUnitReportReporter -->
<testsuite hostname="DESKTOP-GFJULR8" failures="0" tests="1" name="testClassesPages.TC03_SignInSection" time="7.504" errors="0" timestamp="2024-01-23T20:23:23 IST" skipped="0">
  <testcase classname="testClassesPages.TC03_SignInSection" name="testSignInSectionFunctionality" time="7.504"/>
  <system-out/>
</testsuite> <!-- testClassesPages.TC03_SignInSection -->
