<?xml version="1.0" encoding="UTF-8"?>
<!-- Generated by org.testng.reporters.JUnitReportReporter -->
<testsuite hostname="PUNITP337806L" failures="0" tests="3" name="LoanModule.LoanReqStatus" time="47.324" errors="0" timestamp="2024-01-10T11:52:40 IST" skipped="0">
  <testcase classname="LoanModule.LoanReqStatus" name="Login" time="10.750"/>
  <testcase classname="LoanModule.LoanReqStatus" name="LoanreqStatus" time="36.074"/>
  <testcase classname="LoanModule.LoanReqStatus" name="logout" time="0.500"/>
</testsuite> <!-- LoanModule.LoanReqStatus -->
