<?xml version="1.0" encoding="UTF-8"?>
<!-- Generated by org.testng.reporters.JUnitReportReporter -->
<testsuite hostname="DESKTOP-GFJULR8" failures="0" tests="1" name="driverClass.Login" time="15.033" errors="0" timestamp="2024-01-23T18:11:42 IST" skipped="0">
  <testcase classname="driverClass.Login" name="url" time="15.033"/>
  <system-out/>
</testsuite> <!-- driverClass.Login -->
