<?xml version="1.0" encoding="UTF-8"?>
<!-- Generated by org.testng.reporters.JUnitReportReporter -->
<testsuite hostname="DESKTOP-GFJULR8" failures="0" tests="1" name="testClassesPages.Login" time="18.826" errors="0" timestamp="2024-01-23T19:22:14 IST" skipped="0">
  <testcase classname="testClassesPages.Login" name="testPageTitle" time="18.826"/>
  <system-out/>
</testsuite> <!-- testClassesPages.Login -->
