<?xml version="1.0" encoding="UTF-8"?>
<!-- Generated by org.testng.reporters.JUnitReportReporter -->
<testsuite hostname="DESKTOP-GFJULR8" failures="0" tests="1" name="testClassesPages.TC01_UrlPageTitle" time="0.511" errors="0" timestamp="2024-01-24T13:06:19 IST" skipped="0">
  <testcase classname="testClassesPages.TC01_UrlPageTitle" name="testPageTitle" time="0.511"/>
  <system-out/>
</testsuite> <!-- testClassesPages.TC01_UrlPageTitle -->
