<?xml version="1.0" encoding="UTF-8"?>
<!-- Generated by org.testng.reporters.JUnitReportReporter -->
<testsuite hostname="DESKTOP-GFJULR8" failures="0" tests="1" name="testClassesPages.TC02_WatchDemo" time="47.717" errors="0" timestamp="2024-01-24T13:06:19 IST" skipped="0">
  <testcase classname="testClassesPages.TC02_WatchDemo" name="testWatchDemoLinkFunctionality" time="47.717"/>
  <system-out/>
</testsuite> <!-- testClassesPages.TC02_WatchDemo -->
