<?xml version="1.0" encoding="UTF-8"?>
<!-- Generated by org.testng.reporters.JUnitReportReporter -->
<testsuite hostname="PUNITP337806L" failures="0" tests="3" name="LoanModule.ViewLoanTransactions" time="56.081" errors="0" timestamp="2024-01-10T11:52:40 IST" skipped="0">
  <testcase classname="LoanModule.ViewLoanTransactions" name="Login" time="7.674"/>
  <testcase classname="LoanModule.ViewLoanTransactions" name="ViewLoantransaction" time="47.902"/>
  <testcase classname="LoanModule.ViewLoanTransactions" name="logout" time="0.505"/>
</testsuite> <!-- LoanModule.ViewLoanTransactions -->
